0 info it worked if it ends with ok
1 verbose cli [ '/usr/local/Cellar/node/0.8.19/bin/node',
1 verbose cli   '/usr/local/bin/npm',
1 verbose cli   'publish' ]
2 info using npm@1.2.10
3 info using node@v0.8.19
4 verbose publish [ '.' ]
5 verbose read json /Users/seanmcgary/Code/projects/node-mongodb-wrapper/package.json
6 verbose cache add [ '.', null ]
7 verbose cache add name=undefined spec="." args=[".",null]
8 verbose parsed url { pathname: '.', path: '.', href: '.' }
9 silly lockFile 3a52ce78- .
10 verbose lock . /Users/seanmcgary/.npm/3a52ce78-.lock
11 verbose read json package.json
12 verbose tar pack [ '/var/folders/6x/m9h591c17dj1dc1qys4mzq0w0000gn/T/npm-22815/1365042581427-0.6325991612393409/tmp.tgz',
12 verbose tar pack   '.' ]
13 verbose tarball /var/folders/6x/m9h591c17dj1dc1qys4mzq0w0000gn/T/npm-22815/1365042581427-0.6325991612393409/tmp.tgz
14 verbose folder .
15 info prepublish node_mongodb_wrapper@0.4.1
16 silly lockFile 3a52ce78- .
17 verbose lock . /Users/seanmcgary/.npm/3a52ce78-.lock
18 silly lockFile 82b85eb0-81427-0-6325991612393409-tmp-tgz /var/folders/6x/m9h591c17dj1dc1qys4mzq0w0000gn/T/npm-22815/1365042581427-0.6325991612393409/tmp.tgz
19 verbose lock /var/folders/6x/m9h591c17dj1dc1qys4mzq0w0000gn/T/npm-22815/1365042581427-0.6325991612393409/tmp.tgz /Users/seanmcgary/.npm/82b85eb0-81427-0-6325991612393409-tmp-tgz.lock
20 silly lockFile 3a52ce78- .
21 silly lockFile 3a52ce78- .
22 silly lockFile 82b85eb0-81427-0-6325991612393409-tmp-tgz /var/folders/6x/m9h591c17dj1dc1qys4mzq0w0000gn/T/npm-22815/1365042581427-0.6325991612393409/tmp.tgz
23 silly lockFile 82b85eb0-81427-0-6325991612393409-tmp-tgz /var/folders/6x/m9h591c17dj1dc1qys4mzq0w0000gn/T/npm-22815/1365042581427-0.6325991612393409/tmp.tgz
24 verbose tar unpack /var/folders/6x/m9h591c17dj1dc1qys4mzq0w0000gn/T/npm-22815/1365042581427-0.6325991612393409/tmp.tgz
25 silly lockFile 122c21f1-81427-0-6325991612393409-package /var/folders/6x/m9h591c17dj1dc1qys4mzq0w0000gn/T/npm-22815/1365042581427-0.6325991612393409/package
26 verbose lock /var/folders/6x/m9h591c17dj1dc1qys4mzq0w0000gn/T/npm-22815/1365042581427-0.6325991612393409/package /Users/seanmcgary/.npm/122c21f1-81427-0-6325991612393409-package.lock
27 silly lockFile 82b85eb0-81427-0-6325991612393409-tmp-tgz /var/folders/6x/m9h591c17dj1dc1qys4mzq0w0000gn/T/npm-22815/1365042581427-0.6325991612393409/tmp.tgz
28 verbose lock /var/folders/6x/m9h591c17dj1dc1qys4mzq0w0000gn/T/npm-22815/1365042581427-0.6325991612393409/tmp.tgz /Users/seanmcgary/.npm/82b85eb0-81427-0-6325991612393409-tmp-tgz.lock
29 silly gunzTarPerm modes [ '755', '644' ]
30 silly gunzTarPerm extractEntry package.json
31 silly gunzTarPerm extractEntry .npmignore
32 silly gunzTarPerm extractEntry index.js
33 silly gunzTarPerm extractEntry lib/mongodb-wrapper.js
34 silly gunzTarPerm extractEntry lib/.idea/scopes/scope_settings.xml
35 silly gunzTarPerm extractEntry README.mkdn
36 silly gunzTarPerm extractEntry test/mongo_test.js
37 verbose read json /var/folders/6x/m9h591c17dj1dc1qys4mzq0w0000gn/T/npm-22815/1365042581427-0.6325991612393409/package/package.json
38 silly lockFile 122c21f1-81427-0-6325991612393409-package /var/folders/6x/m9h591c17dj1dc1qys4mzq0w0000gn/T/npm-22815/1365042581427-0.6325991612393409/package
39 silly lockFile 122c21f1-81427-0-6325991612393409-package /var/folders/6x/m9h591c17dj1dc1qys4mzq0w0000gn/T/npm-22815/1365042581427-0.6325991612393409/package
40 silly lockFile 82b85eb0-81427-0-6325991612393409-tmp-tgz /var/folders/6x/m9h591c17dj1dc1qys4mzq0w0000gn/T/npm-22815/1365042581427-0.6325991612393409/tmp.tgz
41 silly lockFile 82b85eb0-81427-0-6325991612393409-tmp-tgz /var/folders/6x/m9h591c17dj1dc1qys4mzq0w0000gn/T/npm-22815/1365042581427-0.6325991612393409/tmp.tgz
42 verbose from cache /var/folders/6x/m9h591c17dj1dc1qys4mzq0w0000gn/T/npm-22815/1365042581427-0.6325991612393409/package/package.json
43 verbose tar pack [ '/Users/seanmcgary/.npm/node_mongodb_wrapper/0.4.1/package.tgz',
43 verbose tar pack   '/var/folders/6x/m9h591c17dj1dc1qys4mzq0w0000gn/T/npm-22815/1365042581427-0.6325991612393409/package' ]
44 verbose tarball /Users/seanmcgary/.npm/node_mongodb_wrapper/0.4.1/package.tgz
45 verbose folder /var/folders/6x/m9h591c17dj1dc1qys4mzq0w0000gn/T/npm-22815/1365042581427-0.6325991612393409/package
46 silly lockFile 122c21f1-81427-0-6325991612393409-package /var/folders/6x/m9h591c17dj1dc1qys4mzq0w0000gn/T/npm-22815/1365042581427-0.6325991612393409/package
47 verbose lock /var/folders/6x/m9h591c17dj1dc1qys4mzq0w0000gn/T/npm-22815/1365042581427-0.6325991612393409/package /Users/seanmcgary/.npm/122c21f1-81427-0-6325991612393409-package.lock
48 silly lockFile 24ebb2ef-ongodb-wrapper-0-4-1-package-tgz /Users/seanmcgary/.npm/node_mongodb_wrapper/0.4.1/package.tgz
49 verbose lock /Users/seanmcgary/.npm/node_mongodb_wrapper/0.4.1/package.tgz /Users/seanmcgary/.npm/24ebb2ef-ongodb-wrapper-0-4-1-package-tgz.lock
50 silly lockFile 122c21f1-81427-0-6325991612393409-package /var/folders/6x/m9h591c17dj1dc1qys4mzq0w0000gn/T/npm-22815/1365042581427-0.6325991612393409/package
51 silly lockFile 122c21f1-81427-0-6325991612393409-package /var/folders/6x/m9h591c17dj1dc1qys4mzq0w0000gn/T/npm-22815/1365042581427-0.6325991612393409/package
52 silly lockFile 24ebb2ef-ongodb-wrapper-0-4-1-package-tgz /Users/seanmcgary/.npm/node_mongodb_wrapper/0.4.1/package.tgz
53 silly lockFile 24ebb2ef-ongodb-wrapper-0-4-1-package-tgz /Users/seanmcgary/.npm/node_mongodb_wrapper/0.4.1/package.tgz
54 silly lockFile 54614adf-de-mongodb-wrapper-0-4-1-package /Users/seanmcgary/.npm/node_mongodb_wrapper/0.4.1/package
55 verbose lock /Users/seanmcgary/.npm/node_mongodb_wrapper/0.4.1/package /Users/seanmcgary/.npm/54614adf-de-mongodb-wrapper-0-4-1-package.lock
56 silly lockFile 54614adf-de-mongodb-wrapper-0-4-1-package /Users/seanmcgary/.npm/node_mongodb_wrapper/0.4.1/package
57 silly lockFile 54614adf-de-mongodb-wrapper-0-4-1-package /Users/seanmcgary/.npm/node_mongodb_wrapper/0.4.1/package
58 verbose tar unpack /Users/seanmcgary/.npm/node_mongodb_wrapper/0.4.1/package.tgz
59 silly lockFile 54614adf-de-mongodb-wrapper-0-4-1-package /Users/seanmcgary/.npm/node_mongodb_wrapper/0.4.1/package
60 verbose lock /Users/seanmcgary/.npm/node_mongodb_wrapper/0.4.1/package /Users/seanmcgary/.npm/54614adf-de-mongodb-wrapper-0-4-1-package.lock
61 silly lockFile 24ebb2ef-ongodb-wrapper-0-4-1-package-tgz /Users/seanmcgary/.npm/node_mongodb_wrapper/0.4.1/package.tgz
62 verbose lock /Users/seanmcgary/.npm/node_mongodb_wrapper/0.4.1/package.tgz /Users/seanmcgary/.npm/24ebb2ef-ongodb-wrapper-0-4-1-package-tgz.lock
63 silly gunzTarPerm modes [ '755', '644' ]
64 silly gunzTarPerm extractEntry package.json
65 silly gunzTarPerm extractEntry .npmignore
66 silly gunzTarPerm extractEntry index.js
67 silly gunzTarPerm extractEntry lib/mongodb-wrapper.js
68 silly gunzTarPerm extractEntry lib/.idea/scopes/scope_settings.xml
69 silly gunzTarPerm extractEntry README.mkdn
70 silly gunzTarPerm extractEntry test/mongo_test.js
71 verbose read json /Users/seanmcgary/.npm/node_mongodb_wrapper/0.4.1/package/package.json
72 silly lockFile 54614adf-de-mongodb-wrapper-0-4-1-package /Users/seanmcgary/.npm/node_mongodb_wrapper/0.4.1/package
73 silly lockFile 54614adf-de-mongodb-wrapper-0-4-1-package /Users/seanmcgary/.npm/node_mongodb_wrapper/0.4.1/package
74 silly lockFile 24ebb2ef-ongodb-wrapper-0-4-1-package-tgz /Users/seanmcgary/.npm/node_mongodb_wrapper/0.4.1/package.tgz
75 silly lockFile 24ebb2ef-ongodb-wrapper-0-4-1-package-tgz /Users/seanmcgary/.npm/node_mongodb_wrapper/0.4.1/package.tgz
76 silly shasum updated bytes 8741
77 info shasum 9b7e89587f270c049cd36e91b32c9f7c2b79f012
77 info shasum /Users/seanmcgary/.npm/node_mongodb_wrapper/0.4.1/package.tgz
78 verbose from cache /Users/seanmcgary/.npm/node_mongodb_wrapper/0.4.1/package/package.json
79 verbose chmod /Users/seanmcgary/.npm/node_mongodb_wrapper/0.4.1/package.tgz 644
80 verbose chown /Users/seanmcgary/.npm/node_mongodb_wrapper/0.4.1/package.tgz [ 501, 20 ]
81 silly lockFile 3a52ce78- .
82 silly publish { name: 'node_mongodb_wrapper',
82 silly publish   description: 'Fork of node-mongodb-wrapper',
82 silly publish   version: '0.4.1',
82 silly publish   author: { name: 'i.TV', email: 'sean@i.tv' },
82 silly publish   repository:
82 silly publish    { type: 'git',
82 silly publish      url: 'git://github.com/seanmcgary/node-mongodb-wrapper.git' },
82 silly publish   bugs:
82 silly publish    { email: 'sean@seanmcgary.com',
82 silly publish      url: 'http://github.com/seanmcgary/node-mongodb-wrapper/issues' },
82 silly publish   main: 'index',
82 silly publish   scripts: { test: 'node test.js' },
82 silly publish   keywords: [ 'mongodb' ],
82 silly publish   engines: { node: '>= 0.8.0' },
82 silly publish   dependencies: { mongodb: '0.9.9-8' },
82 silly publish   directories: { lib: 'lib' },
82 silly publish   readme: '[node-mongodb-native]: https://github.com/christkv/node-mongodb-native     \n[javascript driver]: http://www.mongodb.org/display/DOCS/Manual\n[docs]: http://www.mongodb.org/display/DOCS/Manual\n\n# node-mongodb-wrapper\n\nA wrapper for [node-mongodb-native][node-mongodb-native] as close as possible to the [native javascript driver][javascript driver]. Why learn two interfaces?\n\nYes, we know other people are doing the same thing. This one has been easier to use. \n\n## Features\n\n1. Minimal interface closely matching the command-line driver: [http://www.mongodb.org/display/DOCS/Manual][docs]\n2. Lazy open/close of connections\n3. Most features of [node-mongodb-native][node-mongodb-native]\n\n## Installation\n\n<pre>\n  npm install mongodb-wrapper\n</pre>\n\n## Usage\n\n1. You have to tell the db object which collections you\'re about to use (Harmony Proxies, I need you!)\n2. You have to provide callbacks on "actionable" calls (`toArray`, `count`, but not `find`)\n3. Otherwise, just like the native [javascript driver][javascript driver]\n\n<pre>\n\tvar mongo = require(\'mongodb-wrapper\')\n\tvar db = mongo.db(\'localhost\', 27017, \'test\')\n\tdb.collection(\'posts\')\n\t\n\tdb.posts.save({title: "A new post", body: "Here is some text"}, function(err, post) {\n\t\tdb.posts.findOne({_id: doc._id}, function(err, post) {\n\t\t\tdb.posts.find().limit(1).toArray(function(err, posts) {\n\t\t\t\t// posts[0].title == "A new post"\n\t\t\t})\n\t\t})\n\t})      \n</pre>\n\nFor more examples, [please look at the test suite](https://github.com/idottv/node-mongodb-wrapper/blob/master/lib/mongodb-wrapper.js)\n\n## Documentation\n\nRemember the guiding principle: the syntax exactly matches the [command-line driver][docs], except you pass a call back to any function that hits the database. \n\n#### Connecting\n\n`mongo.db(host, port, dbname, [prefix], [username], [password])` - returns an unopened database object. \n\n* If prefix is specified all collections will use the prefix in mongo, but you refer to them without the prefix in node. \n* If username and password are specified, it will attempt to authenticate. \n\n`db.collection(name)` - Returns a `Collection` object. Also creates `db[name]` so you can do this:\n    \n    db.collection(\'users\')\n    db.users.count(cb)\n\n#### Replica Sets\n\nReplica sets are also supported with an alternate function signature:\n``` JavaScript\nvar hostsArray = [\n  // opts is a hash of mongodb-native server opts: http://mongodb.github.com/node-mongodb-native/api-generated/server.html\n  // also optional\n  {host: "host1", port: 27017, opts: {}},\n  {host: "host1", port: 27018, opts: {}},\n  ...\n]\n// other replica set opts, such as read_secondary, are passed in here\n// these opts are also passed to each mongodb-native server object, so you can have defaults for your servers\nvar opts = {rs_name: "myReplicaSet"}\n\nmongo.db(hostsArray, opts, dbname, [prefix], [username], [password])\n```\n \n\n#### Authentication\n\n`db.auth(username, password, cb)` - You can pass `username` and `password` into mongo.db instead of calling this manually\n\n`db.addUser(username, password, cb)`\n\n`db.removeUser(username, password, cb)`\n\n#### Database \n\n`db.dropDatabase(cb)`\n\n`db.lastError(cb)` - `cb(err, lastError)`\n\n`db.eval(code, [parameters], cb)`\n\n`db.createCollection(name, options, cb)` - allows you to create a collection by hand if you want to specify the options\n\n### Collection\n\n`collection.ensureIndex(index, options, cb)`\n\n`collection.dropIndexes(cb)`\n\n`collection.renameCollection(newName, dropTarget, cb)`\n\n`collection.insert(doc(s), cb)`\n\n`collection.remove(selector, cb)`\n\n`collection.drop(cb)`\n\n`collection.save(doc, cb)`\n\n`collection.update(selector, updates, [upsert], [multi], cb)`\n\n`collection.count(cb)`\n\n`collection.findAndModify(options, cb)`\n\n`collection.find(selector, fields)` - Returns a `Cursor`\n\n`collection.findOne(selector, fields, cb)`\n\n`collection.group(options, cb)`\n\n`collection.mapReduce(map, reduce, options, cb)` - map and reduce can be functions, it will toString them for you. \n\n`collection.distinct(key, [query], cb)`\n\n### Cursor\n\n`cursor.limit(num)` \n\n`cursor.skip(num)`\n\n`cursor.sort({field:1})`\n\n`cursor.next(cb)`\n\n`cursor.explain(cb)`\n\n`cursor.toArray(cb)`\n\n`cursor.count(cb)`\n\n### Useful Exports\n\n`mongo.ObjectID` - you need to wrap any string ids in this class to match on `_id`\n\n',
82 silly publish   readmeFilename: 'README.mkdn',
82 silly publish   _id: 'node_mongodb_wrapper@0.4.1',
82 silly publish   dist: { shasum: '9b7e89587f270c049cd36e91b32c9f7c2b79f012' },
82 silly publish   _from: '.' }
83 verbose url raw node_mongodb_wrapper
84 verbose url resolving [ 'https://registry.npmjs.org/', './node_mongodb_wrapper' ]
85 verbose url resolved https://registry.npmjs.org/node_mongodb_wrapper
86 info trying registry request attempt 1 at 19:29:52
87 http PUT https://registry.npmjs.org/node_mongodb_wrapper
88 http 409 https://registry.npmjs.org/node_mongodb_wrapper
89 verbose url raw node_mongodb_wrapper
90 verbose url resolving [ 'https://registry.npmjs.org/', './node_mongodb_wrapper' ]
91 verbose url resolved https://registry.npmjs.org/node_mongodb_wrapper
92 info trying registry request attempt 1 at 19:29:52
93 http GET https://registry.npmjs.org/node_mongodb_wrapper
94 http 200 https://registry.npmjs.org/node_mongodb_wrapper
95 error publish fail Cannot publish over existing version.
95 error publish fail Bump the 'version' field, set the --force flag, or
95 error publish fail     npm unpublish 'node_mongodb_wrapper@0.4.1'
95 error publish fail and try again
96 error System Darwin 11.4.2
97 error command "/usr/local/Cellar/node/0.8.19/bin/node" "/usr/local/bin/npm" "publish"
98 error cwd /Users/seanmcgary/Code/projects/node-mongodb-wrapper
99 error node -v v0.8.19
100 error npm -v 1.2.10
101 error code EPUBLISHCONFLICT
102 verbose exit [ 1, true ]
